<?xml version="1.0" encoding="UTF-8"?>
<coverage generated="1615382390242" clover="3.2.0">
  <project timestamp="1615382390242" name="All files">
    <metrics statements="17" coveredstatements="2" conditionals="2" coveredconditionals="0" methods="5" coveredmethods="1" elements="24" coveredelements="3" complexity="0" loc="17" ncloc="17" packages="1" files="2" classes="2"/>
    <file name="formHandler.js" path="/Users/alina/Github/fend/projects/evaluate-news-nlp/src/client/js/formHandler.js">
      <metrics statements="15" coveredstatements="0" conditionals="2" coveredconditionals="0" methods="4" coveredmethods="0"/>
      <line num="4" count="0" type="stmt"/>
      <line num="6" count="0" type="stmt"/>
      <line num="7" count="0" type="stmt"/>
      <line num="8" count="0" type="stmt"/>
      <line num="11" count="0" type="cond" truecount="0" falsecount="2"/>
      <line num="12" count="0" type="stmt"/>
      <line num="23" count="0" type="stmt"/>
      <line num="26" count="0" type="stmt"/>
      <line num="27" count="0" type="stmt"/>
      <line num="28" count="0" type="stmt"/>
      <line num="29" count="0" type="stmt"/>
      <line num="30" count="0" type="stmt"/>
      <line num="31" count="0" type="stmt"/>
      <line num="34" count="0" type="stmt"/>
      <line num="37" count="0" type="stmt"/>
    </file>
    <file name="urlChecker.js" path="/Users/alina/Github/fend/projects/evaluate-news-nlp/src/client/js/urlChecker.js">
      <metrics statements="2" coveredstatements="2" conditionals="0" coveredconditionals="0" methods="1" coveredmethods="1"/>
      <line num="4" count="1" type="stmt"/>
      <line num="13" count="1" type="stmt"/>
    </file>
  </project>
</coverage>
