{"/Users/alina/Github/fend/projects/evaluate-news-nlp/src/client/js/formHandler.js": {"path":"/Users/alina/Github/fend/projects/evaluate-news-nlp/src/client/js/formHandler.js","statementMap":{"0":{"start":{"line":4,"column":1},"end":{"line":4,"column":24}},"1":{"start":{"line":6,"column":17},"end":{"line":6,"column":51}},"2":{"start":{"line":7,"column":13},"end":{"line":7,"column":54}},"3":{"start":{"line":8,"column":1},"end":{"line":8,"column":43}},"4":{"start":{"line":11,"column":1},"end":{"line":38,"column":2}},"5":{"start":{"line":12,"column":2},"end":{"line":35,"column":6}},"6":{"start":{"line":23,"column":18},"end":{"line":23,"column":28}},"7":{"start":{"line":26,"column":4},"end":{"line":26,"column":21}},"8":{"start":{"line":27,"column":4},"end":{"line":27,"column":81}},"9":{"start":{"line":28,"column":4},"end":{"line":28,"column":83}},"10":{"start":{"line":29,"column":4},"end":{"line":29,"column":92}},"11":{"start":{"line":30,"column":4},"end":{"line":30,"column":86}},"12":{"start":{"line":31,"column":4},"end":{"line":31,"column":71}},"13":{"start":{"line":34,"column":4},"end":{"line":34,"column":36}},"14":{"start":{"line":37,"column":2},"end":{"line":37,"column":59}}},"fnMap":{"0":{"name":"handleSubmit","decl":{"start":{"line":3,"column":9},"end":{"line":3,"column":21}},"loc":{"start":{"line":3,"column":29},"end":{"line":39,"column":1}},"line":3},"1":{"name":"(anonymous_1)","decl":{"start":{"line":23,"column":9},"end":{"line":23,"column":10}},"loc":{"start":{"line":23,"column":18},"end":{"line":23,"column":28}},"line":23},"2":{"name":"(anonymous_2)","decl":{"start":{"line":24,"column":9},"end":{"line":24,"column":10}},"loc":{"start":{"line":24,"column":24},"end":{"line":32,"column":4}},"line":24},"3":{"name":"(anonymous_3)","decl":{"start":{"line":33,"column":10},"end":{"line":33,"column":11}},"loc":{"start":{"line":33,"column":21},"end":{"line":35,"column":4}},"line":33}},"branchMap":{"0":{"loc":{"start":{"line":11,"column":1},"end":{"line":38,"column":2}},"type":"if","locations":[{"start":{"line":11,"column":1},"end":{"line":38,"column":2}},{"start":{"line":11,"column":1},"end":{"line":38,"column":2}}],"line":11}},"s":{"0":0,"1":0,"2":0,"3":0,"4":0,"5":0,"6":0,"7":0,"8":0,"9":0,"10":0,"11":0,"12":0,"13":0,"14":0},"f":{"0":0,"1":0,"2":0,"3":0},"b":{"0":[0,0]},"_coverageSchema":"1a1c01bbd47fc00a2c39e90264f33305004495a9","hash":"52acbaab438e6ea9f4b63a4ea34c56c4d34ec706"}
,"/Users/alina/Github/fend/projects/evaluate-news-nlp/src/client/js/urlChecker.js": {"path":"/Users/alina/Github/fend/projects/evaluate-news-nlp/src/client/js/urlChecker.js","statementMap":{"0":{"start":{"line":4,"column":15},"end":{"line":12,"column":2}},"1":{"start":{"line":13,"column":1},"end":{"line":13,"column":28}}},"fnMap":{"0":{"name":"urlCheck","decl":{"start":{"line":3,"column":9},"end":{"line":3,"column":17}},"loc":{"start":{"line":3,"column":23},"end":{"line":14,"column":1}},"line":3}},"branchMap":{},"s":{"0":1,"1":1},"f":{"0":1},"b":{},"_coverageSchema":"1a1c01bbd47fc00a2c39e90264f33305004495a9","hash":"7b77d68cfbd54126692dae9593f0da4d789f9a72"}
}
