TN:
SF:src/client/js/formHandler.js
FN:3,handleSubmit
FN:23,(anonymous_1)
FN:24,(anonymous_2)
FN:33,(anonymous_3)
FNF:4
FNH:0
FNDA:0,handleSubmit
FNDA:0,(anonymous_1)
FNDA:0,(anonymous_2)
FNDA:0,(anonymous_3)
DA:4,0
DA:6,0
DA:7,0
DA:8,0
DA:11,0
DA:12,0
DA:23,0
DA:26,0
DA:27,0
DA:28,0
DA:29,0
DA:30,0
DA:31,0
DA:34,0
DA:37,0
LF:15
LH:0
BRDA:11,0,0,0
BRDA:11,0,1,0
BRF:2
BRH:0
end_of_record
TN:
SF:src/client/js/urlChecker.js
FN:3,urlCheck
FNF:1
FNH:1
FNDA:1,urlCheck
DA:4,1
DA:13,1
LF:2
LH:2
BRF:0
BRH:0
end_of_record
